2020-05-04 01:12:58,199 DEBUG [Finalizer] PoolingHttpClientConnectionManager:408 - Connection manager is shutting down
2020-05-04 01:12:58,201 DEBUG [Finalizer] PoolingHttpClientConnectionManager:414 - Connection manager shut down
2020-05-04 01:13:14,791  INFO [TestNG-test=HubSpot Functional Regression Test -- chrome-2] LoginPageTest:58 - url is launched: https://app.hubspot.com/login
2020-05-04 01:13:14,818  INFO [TestNG-test=HubSpot Functional Regression Test -- chrome-2] LoginPageTest:68 - starting -------------------------->>>> verifyLoginPageTest
2020-05-04 01:13:19,310  INFO [TestNG-test=HubSpot Functional Regression Test -- chrome-2] LoginPageTest:72 - ending -------------------------->>>> verifyLoginPageTest
2020-05-04 01:13:19,310  WARN [TestNG-test=HubSpot Functional Regression Test -- chrome-2] LoginPageTest:73 - some warning
2020-05-04 01:13:19,310 ERROR [TestNG-test=HubSpot Functional Regression Test -- chrome-2] LoginPageTest:74 - some error
2020-05-04 01:13:19,311 FATAL [TestNG-test=HubSpot Functional Regression Test -- chrome-2] LoginPageTest:75 - fatal error
2020-05-04 01:13:20,858  INFO [TestNG-test=HubSpot Functional Regression Test -- firefox-2] LoginPageTest:58 - url is launched: https://app.hubspot.com/login
2020-05-04 01:13:20,867  INFO [TestNG-test=HubSpot Functional Regression Test -- firefox-2] LoginPageTest:68 - starting -------------------------->>>> verifyLoginPageTest
2020-05-04 01:13:20,936  INFO [TestNG-test=HubSpot Functional Regression Test -- chrome-2] LoginPageTest:58 - url is launched: https://app.hubspot.com/login
2020-05-04 01:13:24,923  INFO [TestNG-test=HubSpot Functional Regression Test -- firefox-2] LoginPageTest:72 - ending -------------------------->>>> verifyLoginPageTest
2020-05-04 01:13:24,923  WARN [TestNG-test=HubSpot Functional Regression Test -- firefox-2] LoginPageTest:73 - some warning
2020-05-04 01:13:24,924 ERROR [TestNG-test=HubSpot Functional Regression Test -- firefox-2] LoginPageTest:74 - some error
2020-05-04 01:13:24,924 FATAL [TestNG-test=HubSpot Functional Regression Test -- firefox-2] LoginPageTest:75 - fatal error
2020-05-04 01:13:27,846  INFO [TestNG-test=HubSpot Functional Regression Test -- chrome-2] LoginPageTest:58 - url is launched: https://app.hubspot.com/login
2020-05-04 01:13:31,182  INFO [TestNG-test=HubSpot Functional Regression Test -- firefox-2] LoginPageTest:58 - url is launched: https://app.hubspot.com/login
2020-05-04 01:13:41,905  INFO [TestNG-test=HubSpot Functional Regression Test -- firefox-2] LoginPageTest:58 - url is launched: https://app.hubspot.com/login
2020-05-04 01:13:54,668 DEBUG [TestNG-tests-1] cache:45 - Couldn't find template in cache for "index.ftl"("en", UTF-8, parsed); will try to load it.
2020-05-04 01:13:54,670 DEBUG [TestNG-tests-1] cache:45 - TemplateLoader.findTemplateSource("index_en.ftl"): Not found
2020-05-04 01:13:54,673 DEBUG [TestNG-tests-1] cache:45 - TemplateLoader.findTemplateSource("index.ftl"): Found
2020-05-04 01:13:54,673 DEBUG [TestNG-tests-1] cache:45 - Loading template for "index.ftl"("en", UTF-8, parsed) from "jar:file:/Users/bobit/.m2/repository/com/aventstack/extentreports/3.1.5/extentreports-3.1.5.jar!/com/aventstack/extentreports/view/html-report/index.ftl"
2020-05-04 01:13:54,946 DEBUG [TestNG-tests-1] cache:45 - Couldn't find template in cache for "head.ftl"("en", UTF-8, parsed); will try to load it.
2020-05-04 01:13:54,946 DEBUG [TestNG-tests-1] cache:45 - TemplateLoader.findTemplateSource("head_en.ftl"): Not found
2020-05-04 01:13:54,947 DEBUG [TestNG-tests-1] cache:45 - TemplateLoader.findTemplateSource("head.ftl"): Found
2020-05-04 01:13:54,947 DEBUG [TestNG-tests-1] cache:45 - Loading template for "head.ftl"("en", UTF-8, parsed) from "jar:file:/Users/bobit/.m2/repository/com/aventstack/extentreports/3.1.5/extentreports-3.1.5.jar!/com/aventstack/extentreports/view/html-report/head.ftl"
2020-05-04 01:13:54,950 DEBUG [TestNG-tests-1] cache:45 - Couldn't find template in cache for "nav.ftl"("en", UTF-8, parsed); will try to load it.
2020-05-04 01:13:54,950 DEBUG [TestNG-tests-1] cache:45 - TemplateLoader.findTemplateSource("nav_en.ftl"): Not found
2020-05-04 01:13:54,951 DEBUG [TestNG-tests-1] cache:45 - TemplateLoader.findTemplateSource("nav.ftl"): Found
2020-05-04 01:13:54,951 DEBUG [TestNG-tests-1] cache:45 - Loading template for "nav.ftl"("en", UTF-8, parsed) from "jar:file:/Users/bobit/.m2/repository/com/aventstack/extentreports/3.1.5/extentreports-3.1.5.jar!/com/aventstack/extentreports/view/html-report/nav.ftl"
2020-05-04 01:13:54,958 DEBUG [TestNG-tests-1] cache:45 - Couldn't find template in cache for "test-view/test-view.ftl"("en", UTF-8, parsed); will try to load it.
2020-05-04 01:13:54,959 DEBUG [TestNG-tests-1] cache:45 - TemplateLoader.findTemplateSource("test-view/test-view_en.ftl"): Not found
2020-05-04 01:13:54,959 DEBUG [TestNG-tests-1] cache:45 - TemplateLoader.findTemplateSource("test-view/test-view.ftl"): Found
2020-05-04 01:13:54,960 DEBUG [TestNG-tests-1] cache:45 - Loading template for "test-view/test-view.ftl"("en", UTF-8, parsed) from "jar:file:/Users/bobit/.m2/repository/com/aventstack/extentreports/3.1.5/extentreports-3.1.5.jar!/com/aventstack/extentreports/view/html-report/test-view/test-view.ftl"
2020-05-04 01:13:54,971 DEBUG [TestNG-tests-1] cache:45 - Couldn't find template in cache for "test-view/test-view-charts.ftl"("en", UTF-8, parsed); will try to load it.
2020-05-04 01:13:54,971 DEBUG [TestNG-tests-1] cache:45 - TemplateLoader.findTemplateSource("test-view/test-view-charts_en.ftl"): Not found
2020-05-04 01:13:54,972 DEBUG [TestNG-tests-1] cache:45 - TemplateLoader.findTemplateSource("test-view/test-view-charts.ftl"): Found
2020-05-04 01:13:54,972 DEBUG [TestNG-tests-1] cache:45 - Loading template for "test-view/test-view-charts.ftl"("en", UTF-8, parsed) from "jar:file:/Users/bobit/.m2/repository/com/aventstack/extentreports/3.1.5/extentreports-3.1.5.jar!/com/aventstack/extentreports/view/html-report/test-view/test-view-charts.ftl"
2020-05-04 01:13:54,982 DEBUG [TestNG-tests-1] cache:45 - Couldn't find template in cache for "test-view/standard.ftl"("en", UTF-8, parsed); will try to load it.
2020-05-04 01:13:54,983 DEBUG [TestNG-tests-1] cache:45 - TemplateLoader.findTemplateSource("test-view/standard_en.ftl"): Not found
2020-05-04 01:13:54,983 DEBUG [TestNG-tests-1] cache:45 - TemplateLoader.findTemplateSource("test-view/standard.ftl"): Found
2020-05-04 01:13:54,984 DEBUG [TestNG-tests-1] cache:45 - Loading template for "test-view/standard.ftl"("en", UTF-8, parsed) from "jar:file:/Users/bobit/.m2/repository/com/aventstack/extentreports/3.1.5/extentreports-3.1.5.jar!/com/aventstack/extentreports/view/html-report/test-view/standard.ftl"
2020-05-04 01:13:55,001 DEBUG [TestNG-tests-1] cache:45 - "test-view/standard.ftl"("en", UTF-8, parsed) cached copy not yet stale; using cached.
2020-05-04 01:13:55,002 DEBUG [TestNG-tests-1] cache:45 - "test-view/standard.ftl"("en", UTF-8, parsed) cached copy not yet stale; using cached.
2020-05-04 01:13:55,003 DEBUG [TestNG-tests-1] cache:45 - "test-view/standard.ftl"("en", UTF-8, parsed) cached copy not yet stale; using cached.
2020-05-04 01:13:55,005 DEBUG [TestNG-tests-1] cache:45 - "test-view/standard.ftl"("en", UTF-8, parsed) cached copy not yet stale; using cached.
2020-05-04 01:13:55,006 DEBUG [TestNG-tests-1] cache:45 - "test-view/standard.ftl"("en", UTF-8, parsed) cached copy not yet stale; using cached.
2020-05-04 01:13:55,008 DEBUG [TestNG-tests-1] cache:45 - "test-view/standard.ftl"("en", UTF-8, parsed) cached copy not yet stale; using cached.
2020-05-04 01:13:55,009 DEBUG [TestNG-tests-1] cache:45 - "test-view/standard.ftl"("en", UTF-8, parsed) cached copy not yet stale; using cached.
2020-05-04 01:13:55,011 DEBUG [TestNG-tests-1] cache:45 - "test-view/standard.ftl"("en", UTF-8, parsed) cached copy not yet stale; using cached.
2020-05-04 01:13:55,012 DEBUG [TestNG-tests-1] cache:45 - "test-view/standard.ftl"("en", UTF-8, parsed) cached copy not yet stale; using cached.
2020-05-04 01:13:55,014 DEBUG [TestNG-tests-1] cache:45 - "test-view/standard.ftl"("en", UTF-8, parsed) cached copy not yet stale; using cached.
2020-05-04 01:13:55,014 DEBUG [TestNG-tests-1] cache:45 - "test-view/standard.ftl"("en", UTF-8, parsed) cached copy not yet stale; using cached.
2020-05-04 01:13:55,015 DEBUG [TestNG-tests-1] cache:45 - Couldn't find template in cache for "category-view/category-view.ftl"("en", UTF-8, parsed); will try to load it.
2020-05-04 01:13:55,016 DEBUG [TestNG-tests-1] cache:45 - TemplateLoader.findTemplateSource("category-view/category-view_en.ftl"): Not found
2020-05-04 01:13:55,016 DEBUG [TestNG-tests-1] cache:45 - TemplateLoader.findTemplateSource("category-view/category-view.ftl"): Found
2020-05-04 01:13:55,016 DEBUG [TestNG-tests-1] cache:45 - Loading template for "category-view/category-view.ftl"("en", UTF-8, parsed) from "jar:file:/Users/bobit/.m2/repository/com/aventstack/extentreports/3.1.5/extentreports-3.1.5.jar!/com/aventstack/extentreports/view/html-report/category-view/category-view.ftl"
2020-05-04 01:13:55,022 DEBUG [TestNG-tests-1] cache:45 - Couldn't find template in cache for "author-view/author-view.ftl"("en", UTF-8, parsed); will try to load it.
2020-05-04 01:13:55,023 DEBUG [TestNG-tests-1] cache:45 - TemplateLoader.findTemplateSource("author-view/author-view_en.ftl"): Not found
2020-05-04 01:13:55,023 DEBUG [TestNG-tests-1] cache:45 - TemplateLoader.findTemplateSource("author-view/author-view.ftl"): Found
2020-05-04 01:13:55,023 DEBUG [TestNG-tests-1] cache:45 - Loading template for "author-view/author-view.ftl"("en", UTF-8, parsed) from "jar:file:/Users/bobit/.m2/repository/com/aventstack/extentreports/3.1.5/extentreports-3.1.5.jar!/com/aventstack/extentreports/view/html-report/author-view/author-view.ftl"
2020-05-04 01:13:55,026 DEBUG [TestNG-tests-1] cache:45 - Couldn't find template in cache for "exception-view/exception-view.ftl"("en", UTF-8, parsed); will try to load it.
2020-05-04 01:13:55,027 DEBUG [TestNG-tests-1] cache:45 - TemplateLoader.findTemplateSource("exception-view/exception-view_en.ftl"): Not found
2020-05-04 01:13:55,027 DEBUG [TestNG-tests-1] cache:45 - TemplateLoader.findTemplateSource("exception-view/exception-view.ftl"): Found
2020-05-04 01:13:55,028 DEBUG [TestNG-tests-1] cache:45 - Loading template for "exception-view/exception-view.ftl"("en", UTF-8, parsed) from "jar:file:/Users/bobit/.m2/repository/com/aventstack/extentreports/3.1.5/extentreports-3.1.5.jar!/com/aventstack/extentreports/view/html-report/exception-view/exception-view.ftl"
2020-05-04 01:13:55,031 DEBUG [TestNG-tests-1] cache:45 - Couldn't find template in cache for "dashboard-view/dashboard-view.ftl"("en", UTF-8, parsed); will try to load it.
2020-05-04 01:13:55,031 DEBUG [TestNG-tests-1] cache:45 - TemplateLoader.findTemplateSource("dashboard-view/dashboard-view_en.ftl"): Not found
2020-05-04 01:13:55,031 DEBUG [TestNG-tests-1] cache:45 - TemplateLoader.findTemplateSource("dashboard-view/dashboard-view.ftl"): Found
2020-05-04 01:13:55,032 DEBUG [TestNG-tests-1] cache:45 - Loading template for "dashboard-view/dashboard-view.ftl"("en", UTF-8, parsed) from "jar:file:/Users/bobit/.m2/repository/com/aventstack/extentreports/3.1.5/extentreports-3.1.5.jar!/com/aventstack/extentreports/view/html-report/dashboard-view/dashboard-view.ftl"
2020-05-04 01:13:55,195 DEBUG [Finalizer] PoolingHttpClientConnectionManager:408 - Connection manager is shutting down
2020-05-04 01:13:55,195 DEBUG [Finalizer] PoolingHttpClientConnectionManager:414 - Connection manager shut down
2020-05-04 01:13:55,197 DEBUG [Finalizer] PoolingHttpClientConnectionManager:408 - Connection manager is shutting down
2020-05-04 01:13:55,198 DEBUG [Finalizer] PoolingHttpClientConnectionManager:414 - Connection manager shut down
2020-05-04 01:13:55,199 DEBUG [Finalizer] PoolingHttpClientConnectionManager:408 - Connection manager is shutting down
2020-05-04 01:13:55,199 DEBUG [Finalizer] PoolingHttpClientConnectionManager:414 - Connection manager shut down
2020-05-04 01:13:55,199 DEBUG [Finalizer] PoolingHttpClientConnectionManager:408 - Connection manager is shutting down
2020-05-04 01:13:55,199 DEBUG [Finalizer] PoolingHttpClientConnectionManager:414 - Connection manager shut down
2020-05-04 01:13:55,200 DEBUG [Finalizer] PoolingHttpClientConnectionManager:408 - Connection manager is shutting down
2020-05-04 01:13:55,200 DEBUG [Finalizer] PoolingHttpClientConnectionManager:414 - Connection manager shut down
2020-05-04 01:13:55,200 DEBUG [TestNG-tests-1] cache:45 - Couldn't find template in cache for "logs-view/testrunner-logs-view.ftl"("en", UTF-8, parsed); will try to load it.
2020-05-04 01:13:55,201 DEBUG [TestNG-tests-1] cache:45 - TemplateLoader.findTemplateSource("logs-view/testrunner-logs-view_en.ftl"): Not found
2020-05-04 01:13:55,201 DEBUG [TestNG-tests-1] cache:45 - TemplateLoader.findTemplateSource("logs-view/testrunner-logs-view.ftl"): Found
2020-05-04 01:13:55,202 DEBUG [TestNG-tests-1] cache:45 - Loading template for "logs-view/testrunner-logs-view.ftl"("en", UTF-8, parsed) from "jar:file:/Users/bobit/.m2/repository/com/aventstack/extentreports/3.1.5/extentreports-3.1.5.jar!/com/aventstack/extentreports/view/html-report/logs-view/testrunner-logs-view.ftl"
